[2024-04-05 10:57:41,160: INFO: common: yaml file: config\config.yaml loaded successfully]
[2024-04-05 10:57:41,165: INFO: common: yaml file: params.yaml loaded successfully]
[2024-04-05 10:58:26,845: INFO: common: yaml file: config\config.yaml loaded successfully]
[2024-04-05 10:58:26,846: INFO: common: yaml file: params.yaml loaded successfully]
[2024-04-05 10:58:30,299: INFO: common: yaml file: config\config.yaml loaded successfully]
[2024-04-05 10:58:30,301: INFO: common: yaml file: params.yaml loaded successfully]
[2024-04-05 11:00:06,407: INFO: common: yaml file: config\config.yaml loaded successfully]
[2024-04-05 11:00:06,410: INFO: common: yaml file: params.yaml loaded successfully]
[2024-04-05 11:00:29,176: INFO: common: yaml file: config\config.yaml loaded successfully]
[2024-04-05 11:00:29,179: INFO: common: yaml file: params.yaml loaded successfully]
[2024-04-05 11:00:48,049: INFO: common: yaml file: config\config.yaml loaded successfully]
[2024-04-05 11:00:48,051: INFO: common: yaml file: params.yaml loaded successfully]
[2024-04-05 11:02:12,008: INFO: common: yaml file: config\config.yaml loaded successfully]
[2024-04-05 11:02:12,011: INFO: common: yaml file: params.yaml loaded successfully]
[2024-04-05 11:12:15,258: INFO: common: yaml file: config\config.yaml loaded successfully]
[2024-04-05 11:12:15,260: INFO: common: yaml file: params.yaml loaded successfully]
[2024-04-05 11:16:09,790: INFO: common: yaml file: config\config.yaml loaded successfully]
[2024-04-05 11:16:09,791: INFO: common: yaml file: params.yaml loaded successfully]
[2024-04-05 11:18:03,060: INFO: common: yaml file: config\config.yaml loaded successfully]
[2024-04-05 11:18:03,062: INFO: common: yaml file: params.yaml loaded successfully]
[2024-04-07 18:58:03,661: INFO: common: yaml file: config\config.yaml loaded successfully]
[2024-04-07 18:58:03,666: INFO: common: yaml file: params.yaml loaded successfully]
[2024-04-07 22:28:05,075: INFO: common: yaml file: config\config.yaml loaded successfully]
[2024-04-07 22:28:05,089: INFO: common: yaml file: params.yaml loaded successfully]
[2024-04-07 22:32:08,929: INFO: common: yaml file: config\config.yaml loaded successfully]
[2024-04-07 22:32:08,939: INFO: common: yaml file: params.yaml loaded successfully]
[2024-04-07 22:32:08,944: INFO: common: created directory at: artifacts]
[2024-04-07 22:32:08,949: INFO: common: created directory at: artifacts/data_ingestion]
[2024-04-07 22:32:08,950: INFO: 986331348: Downloading data from https://drive.google.com/file/d/1vlhZ5c7abUKF8xXERIw6m9Te8fW7ohw3/view?usp=sharing into file artifacts/data_ingestion/data.zip]
[2024-04-07 22:32:12,900: INFO: 986331348: Downloaded data from https://drive.google.com/file/d/1vlhZ5c7abUKF8xXERIw6m9Te8fW7ohw3/view?usp=sharing into file artifacts/data_ingestion/data.zip]
[2024-04-07 22:58:23,270: INFO: main: >>>>>> stage Data Ingestion stage started <<<<<<]
[2024-04-07 22:58:23,270: INFO: common: yaml file: config\config.yaml loaded successfully]
[2024-04-07 22:58:23,287: INFO: common: yaml file: params.yaml loaded successfully]
[2024-04-07 22:58:23,289: INFO: common: created directory at: artifacts]
[2024-04-07 22:58:23,289: INFO: common: created directory at: artifacts/data_ingestion]
[2024-04-07 22:58:23,289: INFO: data_ingestion: Downloading data from https://drive.google.com/file/d/1vlhZ5c7abUKF8xXERIw6m9Te8fW7ohw3/view?usp=sharing into file artifacts/data_ingestion/data.zip]
[2024-04-07 22:58:26,824: INFO: data_ingestion: Downloaded data from https://drive.google.com/file/d/1vlhZ5c7abUKF8xXERIw6m9Te8fW7ohw3/view?usp=sharing into file artifacts/data_ingestion/data.zip]
[2024-04-07 22:58:28,286: INFO: main: >>>>>> stage Data Ingestion stage completed <<<<<<

x==========x]
